<?xml version="1.0" encoding="UTF-8"?>
<testsuites name="issue-355.xspec">
   <testsuite name="xs:integer()" tests="1" failures="1">
      <testcase name="Fail deliberately" status="failed">
         <failure message="expect assertion failed">Expected Result: ()</failure>
      </testcase>
   </testsuite>
   <testsuite name="Anonymous" tests="1" failures="1">
      <testcase name="Fail deliberately" status="failed">
         <failure message="expect assertion failed">Expected Result: ()</failure>
      </testcase>
   </testsuite>
</testsuites>
