<?xml version="1.0" encoding="UTF-8"?>
<testsuites name="issue-50.xspec">
   <testsuite name="Expecting xs:hexBinary('0123') when $x:result is xs:untypedAtomic('0123')"
              tests="1"
              failures="1">
      <testcase name="must generate a failure report HTML which reads [Result] =&#xA;&#x9;&#x9;&#x9;&#x9;&#34;xs:untypedAtomic('0123')&#34; and [Expected Result] = &#34;xs:hexBinary('0123')&#34;"
                status="failed">
         <failure message="expect assertion failed">Expected Result: Q{http://www.w3.org/2001/XMLSchema}hexBinary('0123')</failure>
      </testcase>
   </testsuite>
</testsuites>
