<?xml version="1.0" encoding="UTF-8"?>
<testsuites name="report.xspec">
   <testsuite name="Function (xspec/xspec#355)" tests="2" failures="2">
      <testcase name="Array Serialized array should be reported upon failure"
                status="failed">
         <failure message="expect assertion failed">Expected Result: ()</failure>
      </testcase>
      <testcase name="Map Serialized map should be reported upon failure"
                status="failed">
         <failure message="expect assertion failed">Expected Result: ()</failure>
      </testcase>
   </testsuite>
   <testsuite name="Element, attribute (xspec/xspec#357)" tests="1" failures="1">
      <testcase name="@attr should be reported as an attribute" status="failed">
         <failure message="expect assertion failed">Expected Result: ()</failure>
      </testcase>
   </testsuite>
   <testsuite name="Attributes of the same name (xspec/xspec#358)"
              tests="1"
              failures="1">
      <testcase name="Both @attr=foo and @attr=bar should be reported" status="failed">
         <failure message="expect assertion failed">Expected Result: ()</failure>
      </testcase>
   </testsuite>
   <testsuite name="Attribute, element, attribute (xspec/xspec#360)"
              tests="1"
              failures="1">
      <testcase name="[Result] should be reported" status="failed">
         <failure message="expect assertion failed">Expected Result: ()</failure>
      </testcase>
   </testsuite>
   <testsuite name="Document node with no children (xspec/xspec#697)"
              tests="1"
              failures="1">
      <testcase name="XPath should be reported between Result title and box"
                status="failed">
         <failure message="expect assertion failed">Expected Result: ()</failure>
      </testcase>
   </testsuite>
   <testsuite name="XPath is different, but serialized node looks as if same"
              tests="2"
              failures="2">
      <testcase name="[Result] = document node, [Expected Result] = element XPath should be colored as different. Serialized node should be colored as same."
                status="failed">
         <failure message="expect assertion failed"/>
      </testcase>
      <testcase name="[Result] = element, [Expected Result] = document node. XPath should be colored as different. Serialized node should be colored as same."
                status="failed">
         <failure message="expect assertion failed"/>
      </testcase>
   </testsuite>
   <testsuite name="Sequence of multiple atomic values" tests="1" failures="1">
      <testcase name="Atomic values in [Result] and [Expected Result] are separated by comma and new line"
                status="failed">
         <failure message="expect assertion failed">Expected Result: QName('', 'foo'),
1,
2,
'bar'</failure>
      </testcase>
   </testsuite>
</testsuites>
