<?xml version="1.0" encoding="UTF-8"?>
<testsuites name="result-naming-collision.xspec">
   <testsuite name="scenario 1" tests="1" failures="0">
      <testcase name="The result should be saved in an external file" status="passed"/>
   </testsuite>
   <testsuite name="scenario 2" tests="1" failures="0">
      <testcase name="The result should be saved in another external file"
                status="passed"/>
   </testsuite>
   <testsuite name="When the result consists of multiple elements (xspec/xspec#361)"
              tests="2"
              failures="1">
      <testcase name="x:result should be two document nodes" status="passed"/>
      <testcase name="&#xA;        - The result should be saved successfully in yet another external file which is well-formed&#xA;        - [Expected Result] should highlight only these differences:&#xA;          - &#34;XPath /element() from&#34; against @select=&#34;node()&#34; in the external file&#xA;          - &lt;entry&gt;0&lt;/entry&gt; against &lt;entry&gt;2&lt;/entry&gt; in the 1st &lt;entries&gt; of the external files&#xA;          (Note that in the test result report XML, the two document nodes from $x:result are&#xA;          unwrapped and merged by &#34;test:report-sequence&#34;.)&#xA;      "
                status="failed">
         <failure message="expect assertion failed"/>
      </testcase>
   </testsuite>
</testsuites>
