<?xml version="1.0" encoding="UTF-8"?>
<testsuites name="rule.xspec">
   <testsuite name="x:context with correct x:expect" tests="1" failures="0">
      <testcase name="must return Success" status="passed"/>
   </testsuite>
   <testsuite name="x:context with incorrect x:expect" tests="1" failures="1">
      <testcase name="must return Failure" status="failed">
         <failure message="expect assertion failed"/>
      </testcase>
   </testsuite>
   <testsuite name="when x:apply is invoked with a 'rule' element"
              tests="4"
              failures="2">
      <testcase name="without x:param in x:apply it should be transformed into a 'transformed' element containing nothing"
                status="passed"/>
      <testcase name="without x:param in x:apply expecting an 'erroneous' element should be Failure"
                status="failed">
         <failure message="expect assertion failed"/>
      </testcase>
      <testcase name="with x:param=0 in x:apply by extending the base x:apply it should be transformed into a 'transformed' element containing 0"
                status="passed"/>
      <testcase name="with x:param=0 in x:apply by extending the base x:apply expecting an 'erroneous' element should be Failure"
                status="failed">
         <failure message="expect assertion failed"/>
      </testcase>
   </testsuite>
</testsuites>
