<?xml version="1.0" encoding="UTF-8"?>
<testsuites name="xspec-report_schema-aware.xspec">
   <testsuite name="In a failure report HTML" tests="21" failures="21">
      <testcase name="Derived string types xs:ID [Result] must represent it by &#34;xs:ID('foo')&#34; (XSLT) or &#34;'foo'&#34;&#xA;&#x9;&#x9;&#x9;&#x9;&#x9;&#x9;(XQuery)"
                status="failed">
         <failure message="expect assertion failed">Expected: ()</failure>
      </testcase>
      <testcase name="Derived string types xs:IDREF [Result] must represent it by &#34;xs:IDREF('foo')&#34; (XSLT) or &#34;'foo'&#34;&#xA;&#x9;&#x9;&#x9;&#x9;&#x9;&#x9;(XQuery)"
                status="failed">
         <failure message="expect assertion failed">Expected: ()</failure>
      </testcase>
      <testcase name="Derived string types xs:ENTITY [Result] must represent it by &#34;xs:ENTITY('foo')&#34; (XSLT) or &#34;'foo'&#34;&#xA;&#x9;&#x9;&#x9;&#x9;&#x9;&#x9;(XQuery)"
                status="failed">
         <failure message="expect assertion failed">Expected: ()</failure>
      </testcase>
      <testcase name="Derived string types xs:NCName [Result] must represent it by &#34;xs:NCName('foo')&#34; (XSLT) or &#34;'foo'&#34;&#xA;&#x9;&#x9;&#x9;&#x9;&#x9;&#x9;(XQuery)"
                status="failed">
         <failure message="expect assertion failed">Expected: ()</failure>
      </testcase>
      <testcase name="Derived string types xs:language [Result] must represent it by &#34;xs:language('en')&#34; (XSLT) or &#34;'en'&#34;&#xA;&#x9;&#x9;&#x9;&#x9;&#x9;&#x9;(XQuery)"
                status="failed">
         <failure message="expect assertion failed">Expected: ()</failure>
      </testcase>
      <testcase name="Derived string types xs:Name [Result] must represent it by &#34;xs:Name('foo')&#34; (XSLT) or &#34;'foo'&#34;&#xA;&#x9;&#x9;&#x9;&#x9;&#x9;&#x9;(XQuery)"
                status="failed">
         <failure message="expect assertion failed">Expected: ()</failure>
      </testcase>
      <testcase name="Derived string types xs:NMTOKEN [Result] must represent it by &#34;xs:NMTOKEN('foo')&#34; (XSLT) or &#34;'foo'&#34;&#xA;&#x9;&#x9;&#x9;&#x9;&#x9;&#x9;(XQuery)"
                status="failed">
         <failure message="expect assertion failed">Expected: ()</failure>
      </testcase>
      <testcase name="Derived string types xs:token [Result] must represent it by &#34;xs:token('foo')&#34; (XSLT) or &#34;'foo'&#34;&#xA;&#x9;&#x9;&#x9;&#x9;&#x9;&#x9;(XQuery)"
                status="failed">
         <failure message="expect assertion failed">Expected: ()</failure>
      </testcase>
      <testcase name="Derived string types xs:normalizedString [Result] must represent it by &#34;xs:normalizedString('foo')&#34; (XSLT) or&#xA;&#x9;&#x9;&#x9;&#x9;&#x9;&#x9;&#34;'foo'&#34; (XQuery)"
                status="failed">
         <failure message="expect assertion failed">Expected: ()</failure>
      </testcase>
      <testcase name="Derived numeric types xs:negativeInteger [Result] must represent it by &#34;xs:negativeInteger(-1)&#34; (XSLT) or &#34;-1&#34;&#xA;&#x9;&#x9;&#x9;&#x9;&#x9;&#x9;(XQuery)"
                status="failed">
         <failure message="expect assertion failed">Expected: ()</failure>
      </testcase>
      <testcase name="Derived numeric types xs:nonPositiveInteger [Result] must represent it by &#34;xs:nonPositiveInteger(0)&#34; (XSLT) or &#34;0&#34;&#xA;&#x9;&#x9;&#x9;&#x9;&#x9;&#x9;(XQuery)"
                status="failed">
         <failure message="expect assertion failed">Expected: ()</failure>
      </testcase>
      <testcase name="Derived numeric types xs:byte [Result] must represent it by &#34;xs:byte(1)&#34; (XSLT) or &#34;1&#34;&#xA;&#x9;&#x9;&#x9;&#x9;&#x9;&#x9;(XQuery)"
                status="failed">
         <failure message="expect assertion failed">Expected: ()</failure>
      </testcase>
      <testcase name="Derived numeric types xs:short [Result] must represent it by &#34;xs:short(1)&#34; (XSLT) or &#34;1&#34;&#xA;&#x9;&#x9;&#x9;&#x9;&#x9;&#x9;(XQuery)"
                status="failed">
         <failure message="expect assertion failed">Expected: ()</failure>
      </testcase>
      <testcase name="Derived numeric types xs:int [Result] must represent it by &#34;xs:int(1)&#34; (XSLT) or &#34;1&#34;&#xA;&#x9;&#x9;&#x9;&#x9;&#x9;&#x9;(XQuery)"
                status="failed">
         <failure message="expect assertion failed">Expected: ()</failure>
      </testcase>
      <testcase name="Derived numeric types xs:long [Result] must represent it by &#34;xs:long(1)&#34; (XSLT) or &#34;1&#34;&#xA;&#x9;&#x9;&#x9;&#x9;&#x9;&#x9;(XQuery)"
                status="failed">
         <failure message="expect assertion failed">Expected: ()</failure>
      </testcase>
      <testcase name="Derived numeric types xs:unsignedByte [Result] must represent it by &#34;xs:unsignedByte(1)&#34; (XSLT) or &#34;1&#34;&#xA;&#x9;&#x9;&#x9;&#x9;&#x9;&#x9;(XQuery)"
                status="failed">
         <failure message="expect assertion failed">Expected: ()</failure>
      </testcase>
      <testcase name="Derived numeric types xs:unsignedShort [Result] must represent it by &#34;xs:unsignedShort(1)&#34; (XSLT) or &#34;1&#34;&#xA;&#x9;&#x9;&#x9;&#x9;&#x9;&#x9;(XQuery)"
                status="failed">
         <failure message="expect assertion failed">Expected: ()</failure>
      </testcase>
      <testcase name="Derived numeric types xs:unsignedInt [Result] must represent it by &#34;xs:unsignedInt(1)&#34; (XSLT) or &#34;1&#34;&#xA;&#x9;&#x9;&#x9;&#x9;&#x9;&#x9;(XQuery)"
                status="failed">
         <failure message="expect assertion failed">Expected: ()</failure>
      </testcase>
      <testcase name="Derived numeric types xs:unsignedLong [Result] must represent it by &#34;xs:unsignedLong(1)&#34; (XSLT) or &#34;1&#34;&#xA;&#x9;&#x9;&#x9;&#x9;&#x9;&#x9;(XQuery)"
                status="failed">
         <failure message="expect assertion failed">Expected: ()</failure>
      </testcase>
      <testcase name="Derived numeric types xs:positiveInteger [Result] must represent it by &#34;xs:positiveInteger(1)&#34; (XSLT) or &#34;1&#34;&#xA;&#x9;&#x9;&#x9;&#x9;&#x9;&#x9;(XQuery)"
                status="failed">
         <failure message="expect assertion failed">Expected: ()</failure>
      </testcase>
      <testcase name="Derived numeric types xs:nonNegativeInteger [Result] must represent it by &#34;xs:nonNegativeInteger(0)&#34; (XSLT) or &#34;0&#34;&#xA;&#x9;&#x9;&#x9;&#x9;&#x9;&#x9;(XQuery)"
                status="failed">
         <failure message="expect assertion failed">Expected: ()</failure>
      </testcase>
   </testsuite>
</testsuites>
