<?xml version="1.0" encoding="UTF-8"?>
<testsuites name="xspec-450-451_stylesheet.xspec">
   <testsuite name="context template-param containing curly brackets"
              tests="1"
              failures="0">
      <testcase name="should work" status="passed"/>
   </testsuite>
   <testsuite name="context containing curly brackets" tests="1" failures="0">
      <testcase name="should work" status="passed"/>
   </testsuite>
   <testsuite name="template-call template-param containing curly brackets"
              tests="1"
              failures="0">
      <testcase name="should work" status="passed"/>
   </testsuite>
</testsuites>
