<?xml version="1.0" encoding="UTF-8"?>
<testsuites name="xspec-346.xspec">
   <testsuite name="When a function returns a node containing a space"
              tests="1"
              failures="1">
      <testcase name="Expecting no space should be Failure" status="failed">
         <failure message="expect assertion failed">&lt;x:expect xmlns:xsl="http://www.w3.org/1999/XSL/Transform" xmlns:xs="http://www.w3.org/2001/XMLSchema" xmlns:test="http://www.jenitennison.com/xslt/unit-test" xmlns:x="http://www.jenitennison.com/xslt/xspec" xmlns:do-nothing="x-urn:test:do-nothing"&gt;
            &lt;p&gt;
               &lt;span&gt;foo&lt;/span&gt;
               &lt;span&gt;bar&lt;/span&gt;
            &lt;/p&gt;
         &lt;/x:expect&gt;</failure>
      </testcase>
   </testsuite>
</testsuites>
