<?xml version="1.0" encoding="UTF-8"?>
<testsuites name="focus-vs-pending-attribute.xspec">
   <testsuite name="/Neutral" tests="1" failures="0">
      <testcase name="Always Success" status="skipped">
         <skipped>Focus #1</skipped>
      </testcase>
   </testsuite>
   <testsuite name="/Neutral" tests="16" failures="0">
      <testcase name="Always Success" status="skipped">
         <skipped>Focus #1</skipped>
      </testcase>
      <testcase name="/Neutral Always Success" status="skipped">
         <skipped>Focus #1</skipped>
      </testcase>
      <testcase name="/Focued #1 Always Success" status="passed"/>
      <testcase name="/Focued #1 /Neutral Always Success" status="passed"/>
      <testcase name="/Focued #1 /Neutral Always Success" status="passed"/>
      <testcase name="/Focued #1 /Neutral /Neutral Always Success" status="passed"/>
      <testcase name="/Focued #1 /Neutral /Pending #1 Always Success" status="passed"/>
      <testcase name="/Focued #1 /Neutral /Pending #1 /Neutral Always Success"
                status="passed"/>
      <testcase name="/Focued #1 /Neutral /Pending #1 /Neutral Always Success"
                status="passed"/>
      <testcase name="/Focued #1 /Neutral /Pending #1 /Neutral /Neutral Always Success"
                status="passed"/>
      <testcase name="/Focued #1 /Neutral /Pending #1 /Neutral /Focused #2 Always Success"
                status="passed"/>
      <testcase name="/Focued #1 /Neutral /Pending #1 /Neutral /Focused #2 /Neutral Always Success"
                status="passed"/>
      <testcase name="/Focued #1 /Neutral /Pending #1 /Neutral /Focused #2 /Neutral Always Success"
                status="passed"/>
      <testcase name="/Focued #1 /Neutral /Pending #1 /Neutral /Focused #2 /Neutral /Neutral Always Success"
                status="passed"/>
      <testcase name="/Focued #1 /Neutral /Pending #1 /Neutral /Focused #2 /Neutral /Pending #2 Always Success"
                status="passed"/>
      <testcase name="/Focued #1 /Neutral /Pending #1 /Neutral /Focused #2 /Neutral /Pending #2 /Neutral Always Success"
                status="passed"/>
   </testsuite>
</testsuites>
