<?xml version="1.0" encoding="UTF-8"?>
<testsuites name="xspec-report.xspec">
   <testsuite name="Function (xspec/xspec#355)" tests="1" failures="1">
      <testcase name="[Result] should be reported" status="failed">
         <failure message="expect assertion failed">Expected: ()</failure>
      </testcase>
   </testsuite>
   <testsuite name="Element, attribute (xspec/xspec#357)" tests="1" failures="1">
      <testcase name="@attr should be reported as an attribute" status="failed">
         <failure message="expect assertion failed">Expected: ()</failure>
      </testcase>
   </testsuite>
   <testsuite name="Attributes of the same name (xspec/xspec#358)"
              tests="1"
              failures="1">
      <testcase name="Both @attr=foo and @attr=bar should be reported" status="failed">
         <failure message="expect assertion failed">Expected: ()</failure>
      </testcase>
   </testsuite>
   <testsuite name="Attribute, element, attribute (xspec/xspec#360)"
              tests="1"
              failures="1">
      <testcase name="[Result] should be reported" status="failed">
         <failure message="expect assertion failed">Expected: ()</failure>
      </testcase>
   </testsuite>
</testsuites>
